Using pre-set license
Built from '2020.3/staging' branch; Version is '2020.3.16f1 (049d6eca3c44) revision 302446'; Using compiler version '192528614'; Build Type 'Release'
OS: 'Windows 10 Home; OS build 19044.2604; Version 2009; 64bit' Language: 'en' Physical Memory: 16163 MB
BatchMode: 1, IsHumanControllingUs: 0, StartBugReporterOnCrash: 0, Is64bit: 1, IsPro: 0

 COMMAND LINE ARGUMENTS:
C:\Program Files\Unity\Hub\Editor\2020.3.16f1\Editor\Unity.exe
-adb2
-batchMode
-noUpm
-name
AssetImportWorker0
-projectPath
C:/Users/faint/OneDrive/Documents/Unity/Projects/Rogue-Project
-logFile
Logs/AssetImportWorker0.log
-srvPort
56744
Successfully changed project path to: C:/Users/faint/OneDrive/Documents/Unity/Projects/Rogue-Project
C:/Users/faint/OneDrive/Documents/Unity/Projects/Rogue-Project
Using Asset Import Pipeline V2.
Refreshing native plugins compatible for Editor in 45.30 ms, found 3 plugins.
Preloading 0 native plugins for Editor in 0.00 ms.
Initialize engine version: 2020.3.16f1 (049d6eca3c44)
[Subsystems] Discovering subsystems at path C:/Program Files/Unity/Hub/Editor/2020.3.16f1/Editor/Data/Resources/UnitySubsystems
[Subsystems] Discovering subsystems at path C:/Users/faint/OneDrive/Documents/Unity/Projects/Rogue-Project/Assets
GfxDevice: creating device client; threaded=0
Direct3D:
    Version:  Direct3D 11.0 [level 11.1]
    Renderer: NVIDIA GeForce RTX 3050 Ti Laptop GPU (ID=0x25a0)
    Vendor:   
    VRAM:     3990 MB
    Driver:   31.0.15.1694
Initialize mono
Mono path[0] = 'C:/Program Files/Unity/Hub/Editor/2020.3.16f1/Editor/Data/Managed'
Mono path[1] = 'C:/Program Files/Unity/Hub/Editor/2020.3.16f1/Editor/Data/MonoBleedingEdge/lib/mono/unityjit'
Mono config path = 'C:/Program Files/Unity/Hub/Editor/2020.3.16f1/Editor/Data/MonoBleedingEdge/etc'
Using monoOptions --debugger-agent=transport=dt_socket,embedding=1,server=y,suspend=n,address=127.0.0.1:56816
Begin MonoManager ReloadAssembly
Registering precompiled unity dll's ...
Register platform support module: C:/Program Files/Unity/Hub/Editor/2020.3.16f1/Editor/Data/PlaybackEngines/WebGLSupport/UnityEditor.WebGL.Extensions.dll
Register platform support module: C:/Program Files/Unity/Hub/Editor/2020.3.16f1/Editor/Data/PlaybackEngines/WindowsStandaloneSupport/UnityEditor.WindowsStandalone.Extensions.dll
Registered in 0.001598 seconds.
Native extension for WindowsStandalone target not found
Native extension for WebGL target not found
Refreshing native plugins compatible for Editor in 44.98 ms, found 3 plugins.
Preloading 0 native plugins for Editor in 0.00 ms.
Mono: successfully reloaded assembly
- Completed reload, in  0.911 seconds
Domain Reload Profiling:
	ReloadAssembly (911ms)
		BeginReloadAssembly (41ms)
			ExecutionOrderSort (0ms)
			DisableScriptedObjects (0ms)
			BackupInstance (0ms)
			ReleaseScriptingObjects (0ms)
			CreateAndSetChildDomain (1ms)
		EndReloadAssembly (341ms)
			LoadAssemblies (40ms)
			RebuildTransferFunctionScriptingTraits (0ms)
			SetupTypeCache (114ms)
			ReleaseScriptCaches (0ms)
			RebuildScriptCaches (22ms)
			SetupLoadedEditorAssemblies (150ms)
				LogAssemblyErrors (0ms)
				InitializePlatformSupportModulesInManaged (4ms)
				SetLoadedEditorAssemblies (0ms)
				RefreshPlugins (45ms)
				BeforeProcessingInitializeOnLoad (13ms)
				ProcessInitializeOnLoadAttributes (62ms)
				ProcessInitializeOnLoadMethodAttributes (26ms)
				AfterProcessingInitializeOnLoad (0ms)
				EditorAssembliesLoaded (0ms)
			ExecutionOrderSort2 (0ms)
			AwakeInstancesAfterBackupRestoration (0ms)
Platform modules already initialized, skipping
Registering precompiled user dll's ...
Registered in 0.003046 seconds.
Begin MonoManager ReloadAssembly
Native extension for WindowsStandalone target not found
Native extension for WebGL target not found
Refreshing native plugins compatible for Editor in 46.65 ms, found 3 plugins.
Preloading 0 native plugins for Editor in 0.00 ms.
Mono: successfully reloaded assembly
- Completed reload, in  0.949 seconds
Domain Reload Profiling:
	ReloadAssembly (950ms)
		BeginReloadAssembly (110ms)
			ExecutionOrderSort (0ms)
			DisableScriptedObjects (4ms)
			BackupInstance (0ms)
			ReleaseScriptingObjects (0ms)
			CreateAndSetChildDomain (16ms)
		EndReloadAssembly (790ms)
			LoadAssemblies (76ms)
			RebuildTransferFunctionScriptingTraits (0ms)
			SetupTypeCache (233ms)
			ReleaseScriptCaches (1ms)
			RebuildScriptCaches (39ms)
			SetupLoadedEditorAssemblies (347ms)
				LogAssemblyErrors (0ms)
				InitializePlatformSupportModulesInManaged (4ms)
				SetLoadedEditorAssemblies (0ms)
				RefreshPlugins (47ms)
				BeforeProcessingInitializeOnLoad (67ms)
				ProcessInitializeOnLoadAttributes (215ms)
				ProcessInitializeOnLoadMethodAttributes (9ms)
				AfterProcessingInitializeOnLoad (5ms)
				EditorAssembliesLoaded (0ms)
			ExecutionOrderSort2 (0ms)
			AwakeInstancesAfterBackupRestoration (5ms)
Platform modules already initialized, skipping
========================================================================
Worker process is ready to serve import requests
Launched and connected shader compiler UnityShaderCompiler.exe after 0.04 seconds
Refreshing native plugins compatible for Editor in 0.60 ms, found 3 plugins.
Preloading 0 native plugins for Editor in 0.00 ms.
Unloading 2334 Unused Serialized files (Serialized files now loaded: 0)
System memory in use before: 103.9 MB.
System memory in use after: 104.1 MB.

Unloading 28 unused Assets to reduce memory usage. Loaded Objects now: 2768.
Total: 2.677000 ms (FindLiveObjects: 0.168400 ms CreateObjectMapping: 0.045700 ms MarkObjects: 2.366000 ms  DeleteObjects: 0.089600 ms)

AssetImportParameters requested are different than current active one (requested -> active):
  custom:framework-win-MediaFoundation: 216162199b28c13a410421893ffa2e32 -> 
  custom:video-decoder-ogg-theora: a1e56fd34408186e4bbccfd4996cb3dc -> 
  custom:container-muxer-webm: aa71ff27fc2769a1b78a27578f13a17b -> 
  custom:container-demuxer-webm: 4f35f7cbe854078d1ac9338744f61a02 -> 
  custom:container-demuxer-ogg: 62fdf1f143b41e24485cea50d1cbac27 -> 
  custom:video-encoder-webm-vp8: eb34c28f22e8b96e1ab97ce403110664 -> 
  custom:video-decoder-webm-vp8: 9c59270c3fd7afecdb556c50c9e8de78 -> 
  custom:audio-decoder-ogg-vorbis: bf7c407c2cedff20999df2af8eb42d56 -> 
  custom:audio-encoder-webm-vorbis: bf7c407c2cedff20999df2af8eb42d56 -> 
========================================================================
Received Import Request.
  path: Assets/AstarPathfindingProject/AstarPathfindingProject.asmdef
  artifactKey: Guid(efa45043feb7e4147a305b73b5cea642) Importer(815301076,1909f56bfc062723c751e8b465ee728b)
Start importing Assets/AstarPathfindingProject/AstarPathfindingProject.asmdef using Guid(efa45043feb7e4147a305b73b5cea642) Importer(815301076,1909f56bfc062723c751e8b465ee728b)  -> (artifact id: 'fa628972aa73b82a158bf0d7f8452c82') in 0.015705 seconds 
  Import took 0.018881 seconds .

========================================================================
Received Import Request.
  Time since last request: 0.000320 seconds.
  path: Assets/AstarPathfindingProject
  artifactKey: Guid(6942e1e80e8b54fde9147e843f1bec4f) Importer(815301076,1909f56bfc062723c751e8b465ee728b)
Start importing Assets/AstarPathfindingProject using Guid(6942e1e80e8b54fde9147e843f1bec4f) Importer(815301076,1909f56bfc062723c751e8b465ee728b)  -> (artifact id: '8464741be959134d164acbdb46405065') in 0.001593 seconds 
  Import took 0.004760 seconds .

========================================================================
Received Import Request.
  Time since last request: 10.312709 seconds.
  path: Assets/Scripts
  artifactKey: Guid(fa4a18312ca0add4e817b4ed03d2924e) Importer(815301076,1909f56bfc062723c751e8b465ee728b)
Start importing Assets/Scripts using Guid(fa4a18312ca0add4e817b4ed03d2924e) Importer(815301076,1909f56bfc062723c751e8b465ee728b)  -> (artifact id: '95eaa83134710b7447c8e887d524fdbf') in 0.008951 seconds 
  Import took 0.015087 seconds .

========================================================================
Received Import Request.
  Time since last request: 1.546525 seconds.
  path: Assets/Scripts/Combat
  artifactKey: Guid(482f5b257f250934896d883491d705d4) Importer(815301076,1909f56bfc062723c751e8b465ee728b)
Start importing Assets/Scripts/Combat using Guid(482f5b257f250934896d883491d705d4) Importer(815301076,1909f56bfc062723c751e8b465ee728b)  -> (artifact id: 'cedadc627df90fe56a939464640482b7') in 0.008199 seconds 
  Import took 0.012478 seconds .

========================================================================
Received Import Request.
  Time since last request: 8.649574 seconds.
  path: Assets/Scenes
  artifactKey: Guid(0552fc3b223b8b747b61fb545c5d33e3) Importer(815301076,1909f56bfc062723c751e8b465ee728b)
Start importing Assets/Scenes using Guid(0552fc3b223b8b747b61fb545c5d33e3) Importer(815301076,1909f56bfc062723c751e8b465ee728b)  -> (artifact id: 'b95b46ea11db9ae4ecf9ec31455db1ab') in 0.010633 seconds 
  Import took 0.016455 seconds .

========================================================================
Received Import Request.
  Time since last request: 0.003886 seconds.
  path: Assets/Scenes
  artifactKey: Guid(0552fc3b223b8b747b61fb545c5d33e3) Importer(815301076,1909f56bfc062723c751e8b465ee728b)
Start importing Assets/Scenes using Guid(0552fc3b223b8b747b61fb545c5d33e3) Importer(815301076,1909f56bfc062723c751e8b465ee728b)  -> (artifact id: 'b95b46ea11db9ae4ecf9ec31455db1ab') in 0.004095 seconds 
  Import took 0.007958 seconds .

========================================================================
Received Import Request.
  Time since last request: 1.720762 seconds.
  path: Assets/Scenes/Menu Screen.unity
  artifactKey: Guid(751b4b9f330e10442bbddf3fdabe16c6) Importer(815301076,1909f56bfc062723c751e8b465ee728b)
Start importing Assets/Scenes/Menu Screen.unity using Guid(751b4b9f330e10442bbddf3fdabe16c6) Importer(815301076,1909f56bfc062723c751e8b465ee728b)  -> (artifact id: 'fc2dd87c10bc7f2e7a949a2b8ba8756c') in 0.024206 seconds 
  Import took 0.029394 seconds .

========================================================================
Received Prepare
Registering precompiled user dll's ...
Registered in 0.003115 seconds.
Begin MonoManager ReloadAssembly
Native extension for WindowsStandalone target not found
Native extension for WebGL target not found
Refreshing native plugins compatible for Editor in 0.53 ms, found 3 plugins.
Preloading 0 native plugins for Editor in 0.00 ms.
Mono: successfully reloaded assembly
- Completed reload, in  0.909 seconds
Domain Reload Profiling:
	ReloadAssembly (909ms)
		BeginReloadAssembly (95ms)
			ExecutionOrderSort (0ms)
			DisableScriptedObjects (9ms)
			BackupInstance (0ms)
			ReleaseScriptingObjects (0ms)
			CreateAndSetChildDomain (33ms)
		EndReloadAssembly (767ms)
			LoadAssemblies (73ms)
			RebuildTransferFunctionScriptingTraits (0ms)
			SetupTypeCache (250ms)
			ReleaseScriptCaches (1ms)
			RebuildScriptCaches (40ms)
			SetupLoadedEditorAssemblies (317ms)
				LogAssemblyErrors (0ms)
				InitializePlatformSupportModulesInManaged (6ms)
				SetLoadedEditorAssemblies (0ms)
				RefreshPlugins (1ms)
				BeforeProcessingInitializeOnLoad (71ms)
				ProcessInitializeOnLoadAttributes (229ms)
				ProcessInitializeOnLoadMethodAttributes (5ms)
				AfterProcessingInitializeOnLoad (5ms)
				EditorAssembliesLoaded (0ms)
			ExecutionOrderSort2 (0ms)
			AwakeInstancesAfterBackupRestoration (7ms)
Platform modules already initialized, skipping
Refreshing native plugins compatible for Editor in 0.56 ms, found 3 plugins.
Preloading 0 native plugins for Editor in 0.00 ms.
Unloading 2305 Unused Serialized files (Serialized files now loaded: 0)
System memory in use before: 101.6 MB.
System memory in use after: 101.9 MB.

Unloading 17 unused Assets to reduce memory usage. Loaded Objects now: 2770.
Total: 2.618200 ms (FindLiveObjects: 0.166800 ms CreateObjectMapping: 0.049000 ms MarkObjects: 2.385800 ms  DeleteObjects: 0.015600 ms)

AssetImportParameters requested are different than current active one (requested -> active):
  custom:framework-win-MediaFoundation: 216162199b28c13a410421893ffa2e32 -> 
  custom:video-decoder-ogg-theora: a1e56fd34408186e4bbccfd4996cb3dc -> 
  custom:container-muxer-webm: aa71ff27fc2769a1b78a27578f13a17b -> 
  custom:container-demuxer-webm: 4f35f7cbe854078d1ac9338744f61a02 -> 
  custom:container-demuxer-ogg: 62fdf1f143b41e24485cea50d1cbac27 -> 
  custom:video-encoder-webm-vp8: eb34c28f22e8b96e1ab97ce403110664 -> 
  custom:video-decoder-webm-vp8: 9c59270c3fd7afecdb556c50c9e8de78 -> 
  custom:audio-decoder-ogg-vorbis: bf7c407c2cedff20999df2af8eb42d56 -> 
  custom:audio-encoder-webm-vorbis: bf7c407c2cedff20999df2af8eb42d56 -> 
========================================================================
Received Import Request.
  Time since last request: 112.021989 seconds.
  path: Assets/Materials/FlashMaterial.mat
  artifactKey: Guid(6ca4a0d1c483c664c913a0de04c6c474) Importer(815301076,1909f56bfc062723c751e8b465ee728b)
Start importing Assets/Materials/FlashMaterial.mat using Guid(6ca4a0d1c483c664c913a0de04c6c474) Importer(815301076,1909f56bfc062723c751e8b465ee728b)  -> (artifact id: '4475a584b58a9ca36ff64909202395c3') in 0.103029 seconds 
  Import took 0.107786 seconds .

========================================================================
Received Import Request.
  Time since last request: 0.000198 seconds.
  path: Assets/Materials/New Material 2.mat
  artifactKey: Guid(a1a7ad1068de56b4c9e9729bdc34f7a3) Importer(815301076,1909f56bfc062723c751e8b465ee728b)
Start importing Assets/Materials/New Material 2.mat using Guid(a1a7ad1068de56b4c9e9729bdc34f7a3) Importer(815301076,1909f56bfc062723c751e8b465ee728b)  -> (artifact id: '71d63d8917e634a10493e89487a8bc42') in 0.225463 seconds 
  Import took 0.229365 seconds .

========================================================================
Received Import Request.
  Time since last request: 0.000500 seconds.
  path: Assets/Materials/New Material.mat
  artifactKey: Guid(6b0e342485033224f920564659223367) Importer(815301076,1909f56bfc062723c751e8b465ee728b)
Start importing Assets/Materials/New Material.mat using Guid(6b0e342485033224f920564659223367) Importer(815301076,1909f56bfc062723c751e8b465ee728b)  -> (artifact id: '6edfc00d68565e33039bbcd5bcaf39ce') in 0.122511 seconds 
  Import took 0.125946 seconds .

========================================================================
Received Import Request.
  Time since last request: 0.000280 seconds.
  path: Assets/Materials/New Material 3.mat
  artifactKey: Guid(0beee3672df99e94085867fad76bd614) Importer(815301076,1909f56bfc062723c751e8b465ee728b)
Start importing Assets/Materials/New Material 3.mat using Guid(0beee3672df99e94085867fad76bd614) Importer(815301076,1909f56bfc062723c751e8b465ee728b)  -> (artifact id: 'ea946ee693c40292271eb3f63e3ab18a') in 0.017603 seconds 
  Import took 0.021288 seconds .

========================================================================
Received Import Request.
  Time since last request: 0.000246 seconds.
  path: Assets/Materials/New Material 1.mat
  artifactKey: Guid(0d9666ad4db354244b8e4543bc3dac16) Importer(815301076,1909f56bfc062723c751e8b465ee728b)
Start importing Assets/Materials/New Material 1.mat using Guid(0d9666ad4db354244b8e4543bc3dac16) Importer(815301076,1909f56bfc062723c751e8b465ee728b)  -> (artifact id: '12b92025b4bb65ff826e8df997655a9b') in 0.015472 seconds 
  Import took 0.019061 seconds .

========================================================================
Received Import Request.
  Time since last request: 0.000190 seconds.
  path: Assets/Materials/Stick.mat
  artifactKey: Guid(17d10d765edf82243a3762945e9034f5) Importer(815301076,1909f56bfc062723c751e8b465ee728b)
Start importing Assets/Materials/Stick.mat using Guid(17d10d765edf82243a3762945e9034f5) Importer(815301076,1909f56bfc062723c751e8b465ee728b)  -> (artifact id: 'e86246631de4e87e5d733581ebe13642') in 0.016877 seconds 
  Import took 0.020328 seconds .

========================================================================
Received Import Request.
  Time since last request: 0.000221 seconds.
  path: Assets/Materials/FlashMaterial.mat
  artifactKey: Guid(6ca4a0d1c483c664c913a0de04c6c474) Importer(815301076,1909f56bfc062723c751e8b465ee728b)
Start importing Assets/Materials/FlashMaterial.mat using Guid(6ca4a0d1c483c664c913a0de04c6c474) Importer(815301076,1909f56bfc062723c751e8b465ee728b)  -> (artifact id: '4475a584b58a9ca36ff64909202395c3') in 0.021221 seconds 
  Import took 0.025122 seconds .

========================================================================
Received Import Request.
  Time since last request: 45.985320 seconds.
  path: Assets/AstarPathfindingProject/CHANGELOG.md
  artifactKey: Guid(e271255bdfe8941f9ab0acccbb14dd82) Importer(815301076,1909f56bfc062723c751e8b465ee728b)
Start importing Assets/AstarPathfindingProject/CHANGELOG.md using Guid(e271255bdfe8941f9ab0acccbb14dd82) Importer(815301076,1909f56bfc062723c751e8b465ee728b)  -> (artifact id: '880fc66315acbac3c53c4386d7dbe07b') in 0.011671 seconds 
  Import took 0.016986 seconds .

========================================================================
Received Import Request.
  Time since last request: 0.000916 seconds.
  path: Assets/AstarPathfindingProject/CHANGELOG.md
  artifactKey: Guid(e271255bdfe8941f9ab0acccbb14dd82) Importer(815301076,1909f56bfc062723c751e8b465ee728b)
Start importing Assets/AstarPathfindingProject/CHANGELOG.md using Guid(e271255bdfe8941f9ab0acccbb14dd82) Importer(815301076,1909f56bfc062723c751e8b465ee728b)  -> (artifact id: '880fc66315acbac3c53c4386d7dbe07b') in 0.006475 seconds 
  Import took 0.011910 seconds .

========================================================================
Received Import Request.
  Time since last request: 1.941798 seconds.
  path: Assets/AstarPathfindingProject/defines.csv
  artifactKey: Guid(0efbe2d04dbb642a8833e41b8e8c7275) Importer(815301076,1909f56bfc062723c751e8b465ee728b)
Start importing Assets/AstarPathfindingProject/defines.csv using Guid(0efbe2d04dbb642a8833e41b8e8c7275) Importer(815301076,1909f56bfc062723c751e8b465ee728b)  -> (artifact id: '9a93368c3c3ab5657e6bdd86ea2938a1') in 0.032963 seconds 
  Import took 0.037109 seconds .

========================================================================
Received Import Request.
  Time since last request: 1.337219 seconds.
  path: Assets/AstarPathfindingProject/link.xml
  artifactKey: Guid(6b30aa8ff756d44008247c6f4f1b94fd) Importer(815301076,1909f56bfc062723c751e8b465ee728b)
Start importing Assets/AstarPathfindingProject/link.xml using Guid(6b30aa8ff756d44008247c6f4f1b94fd) Importer(815301076,1909f56bfc062723c751e8b465ee728b)  -> (artifact id: '2713eb267ffd8912e5fcdd6b9722f25d') in 0.018271 seconds 
  Import took 0.022952 seconds .

========================================================================
Received Import Request.
  Time since last request: 3.642450 seconds.
  path: Assets/AstarPathfindingProject/package.json
  artifactKey: Guid(3ac1373cf6a4265d5aa9dfad713bbbb7) Importer(815301076,1909f56bfc062723c751e8b465ee728b)
Start importing Assets/AstarPathfindingProject/package.json using Guid(3ac1373cf6a4265d5aa9dfad713bbbb7) Importer(815301076,1909f56bfc062723c751e8b465ee728b)  -> (artifact id: '0771b8623cde068813c0dc44e8c1c373') in 0.027055 seconds 
  Import took 0.031285 seconds .

========================================================================
Received Import Request.
  Time since last request: 2.771480 seconds.
  path: Assets/AstarPathfindingProject/Readme.txt
  artifactKey: Guid(37e2b7ba5db684426ab22f42ef266b76) Importer(815301076,1909f56bfc062723c751e8b465ee728b)
Start importing Assets/AstarPathfindingProject/Readme.txt using Guid(37e2b7ba5db684426ab22f42ef266b76) Importer(815301076,1909f56bfc062723c751e8b465ee728b)  -> (artifact id: 'c3e8d61537d59e946847e71d4d089a7d') in 0.013588 seconds 
  Import took 0.017649 seconds .

========================================================================
Received Import Request.
  Time since last request: 1062.241879 seconds.
  path: Assets/Scenes/Rooms
  artifactKey: Guid(8261569a8d71fb5478251a2542e76dff) Importer(815301076,1909f56bfc062723c751e8b465ee728b)
Start importing Assets/Scenes/Rooms using Guid(8261569a8d71fb5478251a2542e76dff) Importer(815301076,1909f56bfc062723c751e8b465ee728b)  -> (artifact id: 'ce801ecde428f287780f1a480cebe3df') in 0.012049 seconds 
  Import took 0.018448 seconds .

========================================================================
Received Import Request.
  Time since last request: 0.698284 seconds.
  path: Assets/Scenes/Rooms/StartingRoom.unity
  artifactKey: Guid(43fdf293f0de46b408f5aa36ac61e427) Importer(815301076,1909f56bfc062723c751e8b465ee728b)
Start importing Assets/Scenes/Rooms/StartingRoom.unity using Guid(43fdf293f0de46b408f5aa36ac61e427) Importer(815301076,1909f56bfc062723c751e8b465ee728b)  -> (artifact id: '0a21ca244722346728f250657cc67960') in 0.010018 seconds 
  Import took 0.015217 seconds .

